2020-01-25 15:44:57,053 [Worker-3: Loading available Gradle versions] INFO  o.e.b.c.i.u.g.PublishedGradleVersions - Gradle version information cache is up-to-date. Trying to read.
2020-01-25 15:45:39,474 [Worker-2: Updating Maven Dependencies] INFO  o.e.m.c.i.l.LifecycleMappingFactory - Using org.eclipse.m2e.jdt.JarLifecycleMapping lifecycle mapping for MavenProject: br.com.believeon:believeon:0.0.1-SNAPSHOT @ C:\Users\CRAZY CAT LADY\Desktop\guilherme\Outros projetos\Guilherme\projeto\BelieveOn (Back)\believeon\pom.xml.
2020-01-25 15:45:39,474 [Worker-5: Building] INFO  o.e.m.c.i.l.LifecycleMappingFactory - Using org.eclipse.m2e.jdt.JarLifecycleMapping lifecycle mapping for MavenProject: br.com.believeon:believeon:0.0.1-SNAPSHOT @ C:\Users\CRAZY CAT LADY\Desktop\guilherme\Outros projetos\Guilherme\projeto\BelieveOn (Back)\believeon\pom.xml.
2020-01-25 15:45:41,518 [Worker-5: Building] INFO  o.e.m.c.i.embedder.EclipseLogger - Using 'UTF-8' encoding to copy filtered resources.
2020-01-25 15:45:41,525 [Worker-5: Building] INFO  o.e.m.c.i.embedder.EclipseLogger - Copying 1 resource
2020-01-25 15:45:41,563 [Worker-5: Building] INFO  o.e.m.c.i.embedder.EclipseLogger - Copying 0 resource
2020-01-25 15:45:41,567 [Worker-5: Building] INFO  o.e.m.c.i.embedder.EclipseLogger - Using 'UTF-8' encoding to copy filtered resources.
2020-01-25 15:45:41,568 [Worker-5: Building] INFO  o.e.m.c.i.embedder.EclipseLogger - skip non existing resourceDirectory C:\Users\CRAZY CAT LADY\Desktop\guilherme\Outros projetos\Guilherme\projeto\BelieveOn (Back)\believeon\src\test\resources
2020-01-25 15:45:43,649 [Worker-4: Updating Maven Dependencies] INFO  o.e.m.c.i.l.LifecycleMappingFactory - Using org.eclipse.m2e.jdt.JarLifecycleMapping lifecycle mapping for MavenProject: br.com.believeon:believeon:0.0.1-SNAPSHOT @ C:\Users\CRAZY CAT LADY\Desktop\guilherme\Outros projetos\Guilherme\projeto\BelieveOn (Back)\believeon\pom.xml.
2020-01-25 15:45:44,811 [Worker-5: Building] INFO  o.e.m.c.i.embedder.EclipseLogger - Using 'UTF-8' encoding to copy filtered resources.
2020-01-25 15:45:44,817 [Worker-5: Building] INFO  o.e.m.c.i.embedder.EclipseLogger - Copying 1 resource
2020-01-25 15:45:44,832 [Worker-5: Building] INFO  o.e.m.c.i.embedder.EclipseLogger - Copying 0 resource
2020-01-25 15:45:44,837 [Worker-5: Building] INFO  o.e.m.c.i.embedder.EclipseLogger - Using 'UTF-8' encoding to copy filtered resources.
2020-01-25 15:45:44,837 [Worker-5: Building] INFO  o.e.m.c.i.embedder.EclipseLogger - skip non existing resourceDirectory C:\Users\CRAZY CAT LADY\Desktop\guilherme\Outros projetos\Guilherme\projeto\BelieveOn (Back)\believeon\src\test\resources
2020-01-25 15:45:46,658 [Worker-1: Building] INFO  o.e.m.c.i.embedder.EclipseLogger - Using 'UTF-8' encoding to copy filtered resources.
2020-01-25 15:45:46,658 [Worker-1: Building] INFO  o.e.m.c.i.embedder.EclipseLogger - Copying 0 resource
2020-01-25 15:45:46,659 [Worker-1: Building] INFO  o.e.m.c.i.embedder.EclipseLogger - Copying 0 resource
2020-01-25 15:45:46,775 [Worker-1: Building] INFO  o.e.m.c.i.embedder.EclipseLogger - Using 'UTF-8' encoding to copy filtered resources.
2020-01-25 15:45:46,775 [Worker-1: Building] INFO  o.e.m.c.i.embedder.EclipseLogger - skip non existing resourceDirectory C:\Users\CRAZY CAT LADY\Desktop\guilherme\Outros projetos\Guilherme\projeto\BelieveOn (Back)\believeon\src\test\resources
2020-01-25 15:47:30,398 [Worker-3: Loading available Gradle versions] INFO  o.e.b.c.i.u.g.PublishedGradleVersions - Gradle version information cache is up-to-date. Trying to read.
2020-01-25 15:49:24,757 [Worker-8: Loading available Gradle versions] INFO  o.e.b.c.i.u.g.PublishedGradleVersions - Gradle version information cache is up-to-date. Trying to read.
2020-01-25 15:53:00,809 [Worker-4: Loading available Gradle versions] INFO  o.e.b.c.i.u.g.PublishedGradleVersions - Gradle version information cache is up-to-date. Trying to read.
